<?xml version="1.0" encoding="UTF-8"?>
<testsuite xmlns:xsi="http://www.w3.org/2001/XMLSchema-instance" xsi:noNamespaceSchemaLocation="https://maven.apache.org/surefire/maven-surefire-plugin/xsd/surefire-test-report-3.0.xsd" version="3.0" name="TestSuite" time="80.356" tests="4" errors="0" skipped="0" failures="1">
  <properties>
[...]
</properties>
  <testcase name="runScenario[&quot;1 Verify user is able to search current UTC time in google search.&quot;, &quot;As a user, I want to search current UTC time in google search engine.&quot;](1)" classname="com.google.testRunners.TestRunner" time="52.959">
    <system-out><![CDATA[28 [TestNG-PoolService-0] INFO devpinoyLogger  - Config file loaded !!!
28 [TestNG-PoolService-1] INFO devpinoyLogger  - Config file loaded !!!
28 [TestNG-PoolService-1] INFO devpinoyLogger  - Config file loaded !!!
43301 [TestNG-PoolService-1] DEBUG io.netty.util.internal.logging.InternalLoggerFactory  - Using Log4J as the default logging framework
43301 [TestNG-PoolService-1] DEBUG io.netty.util.internal.logging.InternalLoggerFactory  - Using Log4J as the default logging framework
43318 [TestNG-PoolService-1] DEBUG io.netty.util.ResourceLeakDetector  - -Dio.netty.leakDetection.level: simple
43318 [TestNG-PoolService-1] DEBUG io.netty.util.ResourceLeakDetector  - -Dio.netty.leakDetection.level: simple
43318 [TestNG-PoolService-1] DEBUG io.netty.util.ResourceLeakDetector  - -Dio.netty.leakDetection.targetRecords: 4
43318 [TestNG-PoolService-1] DEBUG io.netty.util.ResourceLeakDetector  - -Dio.netty.leakDetection.targetRecords: 4
43318 [TestNG-PoolService-1] DEBUG io.netty.util.ResourceLeakDetectorFactory  - Loaded default ResourceLeakDetector: io.netty.util.ResourceLeakDetector@6ac4c37f
43318 [TestNG-PoolService-1] DEBUG io.netty.util.ResourceLeakDetectorFactory  - Loaded default ResourceLeakDetector: io.netty.util.ResourceLeakDetector@6ac4c37f
43364 [TestNG-PoolService-1] DEBUG io.netty.util.internal.PlatformDependent0  - -Dio.netty.noUnsafe: false
43364 [TestNG-PoolService-1] DEBUG io.netty.util.internal.PlatformDependent0  - -Dio.netty.noUnsafe: false
43364 [TestNG-PoolService-1] DEBUG io.netty.util.internal.PlatformDependent0  - Java version: 17
43364 [TestNG-PoolService-1] DEBUG io.netty.util.internal.PlatformDependent0  - Java version: 17
43364 [TestNG-PoolService-1] DEBUG io.netty.util.internal.PlatformDependent0  - sun.misc.Unsafe.theUnsafe: available
43364 [TestNG-PoolService-1] DEBUG io.netty.util.internal.PlatformDependent0  - sun.misc.Unsafe.theUnsafe: available
43364 [TestNG-PoolService-1] DEBUG io.netty.util.internal.PlatformDependent0  - sun.misc.Unsafe.copyMemory: available
43364 [TestNG-PoolService-1] DEBUG io.netty.util.internal.PlatformDependent0  - sun.misc.Unsafe.copyMemory: available
43380 [TestNG-PoolService-1] DEBUG io.netty.util.internal.PlatformDependent0  - sun.misc.Unsafe.storeFence: available
43380 [TestNG-PoolService-1] DEBUG io.netty.util.internal.PlatformDependent0  - sun.misc.Unsafe.storeFence: available
43380 [TestNG-PoolService-1] DEBUG io.netty.util.internal.PlatformDependent0  - java.nio.Buffer.address: available
43380 [TestNG-PoolService-1] DEBUG io.netty.util.internal.PlatformDependent0  - java.nio.Buffer.address: available
43380 [TestNG-PoolService-1] DEBUG io.netty.util.internal.PlatformDependent0  - direct buffer constructor: unavailable: Reflective setAccessible(true) disabled
43380 [TestNG-PoolService-1] DEBUG io.netty.util.internal.PlatformDependent0  - direct buffer constructor: unavailable: Reflective setAccessible(true) disabled
43380 [TestNG-PoolService-1] DEBUG io.netty.util.internal.PlatformDependent0  - java.nio.Bits.unaligned: available, true
43380 [TestNG-PoolService-1] DEBUG io.netty.util.internal.PlatformDependent0  - java.nio.Bits.unaligned: available, true
43380 [TestNG-PoolService-1] DEBUG io.netty.util.internal.PlatformDependent0  - jdk.internal.misc.Unsafe.allocateUninitializedArray(int): unavailable: class io.netty.util.internal.PlatformDependent0$7 cannot access class jdk.internal.misc.Unsafe (in module java.base) because module java.base does not export jdk.internal.misc to unnamed module @36c88a32
43380 [TestNG-PoolService-1] DEBUG io.netty.util.internal.PlatformDependent0  - jdk.internal.misc.Unsafe.allocateUninitializedArray(int): unavailable: class io.netty.util.internal.PlatformDependent0$7 cannot access class jdk.internal.misc.Unsafe (in module java.base) because module java.base does not export jdk.internal.misc to unnamed module @36c88a32
43380 [TestNG-PoolService-1] DEBUG io.netty.util.internal.PlatformDependent0  - java.nio.DirectByteBuffer.<init>(long, int): unavailable
43380 [TestNG-PoolService-1] DEBUG io.netty.util.internal.PlatformDependent0  - java.nio.DirectByteBuffer.<init>(long, int): unavailable
43380 [TestNG-PoolService-1] DEBUG io.netty.util.internal.PlatformDependent  - sun.misc.Unsafe: available
43380 [TestNG-PoolService-1] DEBUG io.netty.util.internal.PlatformDependent  - sun.misc.Unsafe: available
43380 [TestNG-PoolService-1] DEBUG io.netty.util.internal.PlatformDependent  - maxDirectMemory: 8589934592 bytes (maybe)
43380 [TestNG-PoolService-1] DEBUG io.netty.util.internal.PlatformDependent  - maxDirectMemory: 8589934592 bytes (maybe)
43380 [TestNG-PoolService-1] DEBUG io.netty.util.internal.PlatformDependent  - -Dio.netty.tmpdir: C:\Users\mauli\AppData\Local\Temp (java.io.tmpdir)
43380 [TestNG-PoolService-1] DEBUG io.netty.util.internal.PlatformDependent  - -Dio.netty.tmpdir: C:\Users\mauli\AppData\Local\Temp (java.io.tmpdir)
43380 [TestNG-PoolService-1] DEBUG io.netty.util.internal.PlatformDependent  - -Dio.netty.bitMode: 64 (sun.arch.data.model)
43380 [TestNG-PoolService-1] DEBUG io.netty.util.internal.PlatformDependent  - -Dio.netty.bitMode: 64 (sun.arch.data.model)
43380 [TestNG-PoolService-1] DEBUG io.netty.util.internal.PlatformDependent  - Platform: Windows
43380 [TestNG-PoolService-1] DEBUG io.netty.util.internal.PlatformDependent  - Platform: Windows
43396 [TestNG-PoolService-1] DEBUG io.netty.util.internal.PlatformDependent  - -Dio.netty.maxDirectMemory: -1 bytes
43396 [TestNG-PoolService-1] DEBUG io.netty.util.internal.PlatformDependent  - -Dio.netty.maxDirectMemory: -1 bytes
43396 [TestNG-PoolService-1] DEBUG io.netty.util.internal.PlatformDependent  - -Dio.netty.uninitializedArrayAllocationThreshold: -1
43396 [TestNG-PoolService-1] DEBUG io.netty.util.internal.PlatformDependent  - -Dio.netty.uninitializedArrayAllocationThreshold: -1
43396 [TestNG-PoolService-1] DEBUG io.netty.util.internal.CleanerJava9  - java.nio.ByteBuffer.cleaner(): available
43396 [TestNG-PoolService-1] DEBUG io.netty.util.internal.CleanerJava9  - java.nio.ByteBuffer.cleaner(): available
43396 [TestNG-PoolService-1] DEBUG io.netty.util.internal.PlatformDependent  - -Dio.netty.noPreferDirect: false
43396 [TestNG-PoolService-1] DEBUG io.netty.util.internal.PlatformDependent  - -Dio.netty.noPreferDirect: false
43396 [TestNG-PoolService-1] DEBUG io.netty.util.internal.PlatformDependent  - org.jctools-core.MpscChunkedArrayQueue: available
43396 [TestNG-PoolService-1] DEBUG io.netty.util.internal.PlatformDependent  - org.jctools-core.MpscChunkedArrayQueue: available
43427 [TestNG-PoolService-1] DEBUG io.netty.util.internal.InternalThreadLocalMap  - -Dio.netty.threadLocalMap.stringBuilder.initialSize: 1024
43427 [TestNG-PoolService-1] DEBUG io.netty.util.internal.InternalThreadLocalMap  - -Dio.netty.threadLocalMap.stringBuilder.initialSize: 1024
43427 [TestNG-PoolService-1] DEBUG io.netty.util.internal.InternalThreadLocalMap  - -Dio.netty.threadLocalMap.stringBuilder.maxSize: 4096
43427 [TestNG-PoolService-1] DEBUG io.netty.util.internal.InternalThreadLocalMap  - -Dio.netty.threadLocalMap.stringBuilder.maxSize: 4096
43522 [TestNG-PoolService-1] DEBUG io.netty.handler.ssl.JdkSslContext  - Default protocols (JDK): [TLSv1.3, TLSv1.2] 
43522 [TestNG-PoolService-1] DEBUG io.netty.handler.ssl.JdkSslContext  - Default protocols (JDK): [TLSv1.3, TLSv1.2] 
43522 [TestNG-PoolService-1] DEBUG io.netty.handler.ssl.JdkSslContext  - Default cipher suites (JDK): [TLS_ECDHE_ECDSA_WITH_AES_256_GCM_SHA384, TLS_ECDHE_ECDSA_WITH_AES_128_GCM_SHA256, TLS_ECDHE_RSA_WITH_AES_128_GCM_SHA256, TLS_ECDHE_RSA_WITH_AES_256_GCM_SHA384, TLS_ECDHE_RSA_WITH_AES_128_CBC_SHA, TLS_ECDHE_RSA_WITH_AES_256_CBC_SHA, TLS_RSA_WITH_AES_128_GCM_SHA256, TLS_RSA_WITH_AES_128_CBC_SHA, TLS_RSA_WITH_AES_256_CBC_SHA, TLS_AES_128_GCM_SHA256, TLS_AES_256_GCM_SHA384]
43522 [TestNG-PoolService-1] DEBUG io.netty.handler.ssl.JdkSslContext  - Default cipher suites (JDK): [TLS_ECDHE_ECDSA_WITH_AES_256_GCM_SHA384, TLS_ECDHE_ECDSA_WITH_AES_128_GCM_SHA256, TLS_ECDHE_RSA_WITH_AES_128_GCM_SHA256, TLS_ECDHE_RSA_WITH_AES_256_GCM_SHA384, TLS_ECDHE_RSA_WITH_AES_128_CBC_SHA, TLS_ECDHE_RSA_WITH_AES_256_CBC_SHA, TLS_RSA_WITH_AES_128_GCM_SHA256, TLS_RSA_WITH_AES_128_CBC_SHA, TLS_RSA_WITH_AES_256_CBC_SHA, TLS_AES_128_GCM_SHA256, TLS_AES_256_GCM_SHA384]
43553 [TestNG-PoolService-1] DEBUG io.netty.channel.MultithreadEventLoopGroup  - -Dio.netty.eventLoopThreads: 16
43553 [TestNG-PoolService-1] DEBUG io.netty.channel.MultithreadEventLoopGroup  - -Dio.netty.eventLoopThreads: 16
43553 [TestNG-PoolService-1] DEBUG io.netty.channel.nio.NioEventLoop  - -Dio.netty.noKeySetOptimization: false
43553 [TestNG-PoolService-1] DEBUG io.netty.channel.nio.NioEventLoop  - -Dio.netty.noKeySetOptimization: false
43553 [TestNG-PoolService-1] DEBUG io.netty.channel.nio.NioEventLoop  - -Dio.netty.selectorAutoRebuildThreshold: 512
43553 [TestNG-PoolService-1] DEBUG io.netty.channel.nio.NioEventLoop  - -Dio.netty.selectorAutoRebuildThreshold: 512
43633 [TestNG-PoolService-1] DEBUG io.netty.buffer.PooledByteBufAllocator  - -Dio.netty.allocator.numHeapArenas: 16
43633 [TestNG-PoolService-1] DEBUG io.netty.buffer.PooledByteBufAllocator  - -Dio.netty.allocator.numHeapArenas: 16
43633 [TestNG-PoolService-1] DEBUG io.netty.buffer.PooledByteBufAllocator  - -Dio.netty.allocator.numDirectArenas: 16
43633 [TestNG-PoolService-1] DEBUG io.netty.buffer.PooledByteBufAllocator  - -Dio.netty.allocator.numDirectArenas: 16
43633 [TestNG-PoolService-1] DEBUG io.netty.buffer.PooledByteBufAllocator  - -Dio.netty.allocator.pageSize: 8192
43633 [TestNG-PoolService-1] DEBUG io.netty.buffer.PooledByteBufAllocator  - -Dio.netty.allocator.pageSize: 8192
43633 [TestNG-PoolService-1] DEBUG io.netty.buffer.PooledByteBufAllocator  - -Dio.netty.allocator.maxOrder: 9
43633 [TestNG-PoolService-1] DEBUG io.netty.buffer.PooledByteBufAllocator  - -Dio.netty.allocator.maxOrder: 9
43633 [TestNG-PoolService-1] DEBUG io.netty.buffer.PooledByteBufAllocator  - -Dio.netty.allocator.chunkSize: 4194304
43633 [TestNG-PoolService-1] DEBUG io.netty.buffer.PooledByteBufAllocator  - -Dio.netty.allocator.chunkSize: 4194304
43633 [TestNG-PoolService-1] DEBUG io.netty.buffer.PooledByteBufAllocator  - -Dio.netty.allocator.smallCacheSize: 256
43633 [TestNG-PoolService-1] DEBUG io.netty.buffer.PooledByteBufAllocator  - -Dio.netty.allocator.smallCacheSize: 256
43633 [TestNG-PoolService-1] DEBUG io.netty.buffer.PooledByteBufAllocator  - -Dio.netty.allocator.normalCacheSize: 64
43633 [TestNG-PoolService-1] DEBUG io.netty.buffer.PooledByteBufAllocator  - -Dio.netty.allocator.normalCacheSize: 64
43633 [TestNG-PoolService-1] DEBUG io.netty.buffer.PooledByteBufAllocator  - -Dio.netty.allocator.maxCachedBufferCapacity: 32768
43633 [TestNG-PoolService-1] DEBUG io.netty.buffer.PooledByteBufAllocator  - -Dio.netty.allocator.maxCachedBufferCapacity: 32768
43633 [TestNG-PoolService-1] DEBUG io.netty.buffer.PooledByteBufAllocator  - -Dio.netty.allocator.cacheTrimInterval: 8192
43633 [TestNG-PoolService-1] DEBUG io.netty.buffer.PooledByteBufAllocator  - -Dio.netty.allocator.cacheTrimInterval: 8192
43633 [TestNG-PoolService-1] DEBUG io.netty.buffer.PooledByteBufAllocator  - -Dio.netty.allocator.cacheTrimIntervalMillis: 0
43633 [TestNG-PoolService-1] DEBUG io.netty.buffer.PooledByteBufAllocator  - -Dio.netty.allocator.cacheTrimIntervalMillis: 0
43633 [TestNG-PoolService-1] DEBUG io.netty.buffer.PooledByteBufAllocator  - -Dio.netty.allocator.useCacheForAllThreads: false
43633 [TestNG-PoolService-1] DEBUG io.netty.buffer.PooledByteBufAllocator  - -Dio.netty.allocator.useCacheForAllThreads: false
43633 [TestNG-PoolService-1] DEBUG io.netty.buffer.PooledByteBufAllocator  - -Dio.netty.allocator.maxCachedByteBuffersPerChunk: 1023
43633 [TestNG-PoolService-1] DEBUG io.netty.buffer.PooledByteBufAllocator  - -Dio.netty.allocator.maxCachedByteBuffersPerChunk: 1023
43649 [TestNG-PoolService-1] DEBUG io.netty.buffer.ByteBufUtil  - -Dio.netty.allocator.type: pooled
43649 [TestNG-PoolService-1] DEBUG io.netty.buffer.ByteBufUtil  - -Dio.netty.allocator.type: pooled
43649 [TestNG-PoolService-1] DEBUG io.netty.buffer.ByteBufUtil  - -Dio.netty.threadLocalDirectBufferSize: 0
43649 [TestNG-PoolService-1] DEBUG io.netty.buffer.ByteBufUtil  - -Dio.netty.threadLocalDirectBufferSize: 0
43649 [TestNG-PoolService-1] DEBUG io.netty.buffer.ByteBufUtil  - -Dio.netty.maxThreadLocalCharBufferSize: 16384
43649 [TestNG-PoolService-1] DEBUG io.netty.buffer.ByteBufUtil  - -Dio.netty.maxThreadLocalCharBufferSize: 16384
44205 [Forwarding newSession on session null to remote] DEBUG io.netty.channel.DefaultChannelId  - -Dio.netty.processId: 3244 (auto-detected)
44205 [Forwarding newSession on session null to remote] DEBUG io.netty.channel.DefaultChannelId  - -Dio.netty.processId: 3244 (auto-detected)
44205 [Forwarding newSession on session null to remote] DEBUG io.netty.util.NetUtil  - -Djava.net.preferIPv4Stack: false
44205 [Forwarding newSession on session null to remote] DEBUG io.netty.util.NetUtil  - -Djava.net.preferIPv4Stack: false
44205 [Forwarding newSession on session null to remote] DEBUG io.netty.util.NetUtil  - -Djava.net.preferIPv6Addresses: false
44205 [Forwarding newSession on session null to remote] DEBUG io.netty.util.NetUtil  - -Djava.net.preferIPv6Addresses: false
44216 [Forwarding newSession on session null to remote] DEBUG io.netty.util.NetUtilInitializations  - Loopback interface: lo (Software Loopback Interface 1, 127.0.0.1)
44216 [Forwarding newSession on session null to remote] DEBUG io.netty.util.NetUtilInitializations  - Loopback interface: lo (Software Loopback Interface 1, 127.0.0.1)
44216 [Forwarding newSession on session null to remote] DEBUG io.netty.util.NetUtil  - Failed to get SOMAXCONN from sysctl and file \proc\sys\net\core\somaxconn. Default: 200
44216 [Forwarding newSession on session null to remote] DEBUG io.netty.util.NetUtil  - Failed to get SOMAXCONN from sysctl and file \proc\sys\net\core\somaxconn. Default: 200
44236 [Forwarding newSession on session null to remote] DEBUG io.netty.channel.DefaultChannelId  - -Dio.netty.machineId: 30:c9:ab:ff:fe:9f:7c:a3 (auto-detected)
44236 [Forwarding newSession on session null to remote] DEBUG io.netty.channel.DefaultChannelId  - -Dio.netty.machineId: 30:c9:ab:ff:fe:9f:7c:a3 (auto-detected)
44318 [AsyncHttpClient-1-3] DEBUG io.netty.buffer.AbstractByteBuf  - -Dio.netty.buffer.checkAccessible: true
44318 [AsyncHttpClient-1-3] DEBUG io.netty.buffer.AbstractByteBuf  - -Dio.netty.buffer.checkAccessible: true
44318 [AsyncHttpClient-1-3] DEBUG io.netty.buffer.AbstractByteBuf  - -Dio.netty.buffer.checkBounds: true
44318 [AsyncHttpClient-1-3] DEBUG io.netty.buffer.AbstractByteBuf  - -Dio.netty.buffer.checkBounds: true
44318 [AsyncHttpClient-1-3] DEBUG io.netty.util.ResourceLeakDetectorFactory  - Loaded default ResourceLeakDetector: io.netty.util.ResourceLeakDetector@774bdd84
44318 [AsyncHttpClient-1-3] DEBUG io.netty.util.ResourceLeakDetectorFactory  - Loaded default ResourceLeakDetector: io.netty.util.ResourceLeakDetector@774bdd84
44358 [AsyncHttpClient-1-2] DEBUG io.netty.util.Recycler  - -Dio.netty.recycler.maxCapacityPerThread: 4096
44358 [AsyncHttpClient-1-2] DEBUG io.netty.util.Recycler  - -Dio.netty.recycler.maxCapacityPerThread: 4096
44358 [AsyncHttpClient-1-2] DEBUG io.netty.util.Recycler  - -Dio.netty.recycler.ratio: 8
44358 [AsyncHttpClient-1-2] DEBUG io.netty.util.Recycler  - -Dio.netty.recycler.ratio: 8
44358 [AsyncHttpClient-1-2] DEBUG io.netty.util.Recycler  - -Dio.netty.recycler.chunkSize: 32
44358 [AsyncHttpClient-1-2] DEBUG io.netty.util.Recycler  - -Dio.netty.recycler.chunkSize: 32
44358 [AsyncHttpClient-1-2] DEBUG io.netty.util.Recycler  - -Dio.netty.recycler.blocking: false
44358 [AsyncHttpClient-1-2] DEBUG io.netty.util.Recycler  - -Dio.netty.recycler.blocking: false
46543 [AsyncHttpClient-1-3] DEBUG io.netty.handler.codec.compression.Brotli  - brotli4j not in the classpath; Brotli support will be unavailable.
46543 [AsyncHttpClient-1-3] DEBUG io.netty.handler.codec.compression.Brotli  - brotli4j not in the classpath; Brotli support will be unavailable.
46780 [TestNG-PoolService-1] DEBUG io.netty.util.internal.ThreadLocalRandom  - -Dio.netty.initialSeedUniquifier: 0xdbea862a020651ed
46780 [TestNG-PoolService-1] DEBUG io.netty.util.internal.ThreadLocalRandom  - -Dio.netty.initialSeedUniquifier: 0xdbea862a020651ed
49313 [TestNG-PoolService-0] INFO util.Log  - -------------------------START INFO---------------------------
49313 [TestNG-PoolService-0] INFO util.Log  - -------------------------START INFO---------------------------
49313 [TestNG-PoolService-0] INFO util.Log  - #######URL opened: ChromeDriver: chrome on WINDOWS (fa02254df8471620eed77e37dad48de4)
49313 [TestNG-PoolService-0] INFO util.Log  - #######URL opened: ChromeDriver: chrome on WINDOWS (fa02254df8471620eed77e37dad48de4)
49313 [TestNG-PoolService-0] INFO util.Log  - -------------------------END INFO-----------------------------
49313 [TestNG-PoolService-0] INFO util.Log  - -------------------------END INFO-----------------------------
49744 [TestNG-PoolService-1] INFO util.Log  - -------------------------START INFO---------------------------
49744 [TestNG-PoolService-1] INFO util.Log  - -------------------------START INFO---------------------------
49744 [TestNG-PoolService-1] INFO util.Log  - #######URL opened: ChromeDriver: chrome on WINDOWS (9b90b9e8306acdbb5a6e39fd806cbd98)
49744 [TestNG-PoolService-1] INFO util.Log  - #######URL opened: ChromeDriver: chrome on WINDOWS (9b90b9e8306acdbb5a6e39fd806cbd98)
49744 [TestNG-PoolService-1] INFO util.Log  - -------------------------END INFO-----------------------------
49744 [TestNG-PoolService-1] INFO util.Log  - -------------------------END INFO-----------------------------
52278 [TestNG-PoolService-1] INFO util.Log  - -------------------------START INFO---------------------------
52278 [TestNG-PoolService-1] INFO util.Log  - -------------------------START INFO---------------------------
52278 [TestNG-PoolService-1] INFO util.Log  - ####After Test scenario
52278 [TestNG-PoolService-1] INFO util.Log  - ####After Test scenario
52278 [TestNG-PoolService-1] INFO util.Log  - -------------------------END INFO-----------------------------
52278 [TestNG-PoolService-1] INFO util.Log  - -------------------------END INFO-----------------------------
52467 [TestNG-PoolService-0] INFO util.Log  - -------------------------START INFO---------------------------
52467 [TestNG-PoolService-0] INFO util.Log  - -------------------------START INFO---------------------------
52467 [TestNG-PoolService-0] INFO util.Log  - ####After Test scenario
52467 [TestNG-PoolService-0] INFO util.Log  - ####After Test scenario
52467 [TestNG-PoolService-0] INFO util.Log  - -------------------------END INFO-----------------------------
52467 [TestNG-PoolService-0] INFO util.Log  - -------------------------END INFO-----------------------------
]]></system-out>
    <system-err><![CDATA[SLF4J: No SLF4J providers were found.
SLF4J: Defaulting to no-operation (NOP) logger implementation
SLF4J: See https://www.slf4j.org/codes.html#noProviders for further details.
log4j:WARN No appenders could be found for logger (util.Log).
log4j:WARN No appenders could be found for logger (util.Log).
log4j:WARN Please initialize the log4j system properly.
log4j:WARN Please initialize the log4j system properly.
log4j:WARN See http://logging.apache.org/log4j/1.2/faq.html#noconfig for more info.
log4j:WARN See http://logging.apache.org/log4j/1.2/faq.html#noconfig for more info.
SSttaartritnign gC ChhrromomeeDDrriivveer r1 0190.9.00.5.544141.4.7744  ((ee77cc55770033660044ddaaaa99cccc11282c8cccff5a55ad53ed939e3995315371538795183-9r1e3f-sr/ebfrsa/nbchr-ahneacdhs-/5h4e1a4d@s{/#51411742@}{)# o1n1 7po2r}t )2 8o5n63 p
oOrntly  1l5oc0a4l 2con
neOcntlioyn s loacrael  allowcedo.nn
ePctlieoansse  asreee  alhltotwpesd:.//
cPhlreoamseed sreiev ehrt.tcphsr:o/m/cihurmo.moerdg/rsievecru.rchirtoym-icuomn.osrigd/esreacutriitoyn-cs ofnsoird esugrgaetsitoinos nfso ro ns ukgegeepsitnigon sC horno mkeeDerpiivnegr  Cshafreo.me
Driver safe.
CChhrormoemDerDirvierv ewra sw satsa rtsetda rstuecdc essuscfculelsys.fu
lly.
Jan 22, 2023 12:44:15 PM org.openqa.selenium.devtools.CdpVersionFinder findNearestMatch
WARNING: Unable to find an exact match for CDP version 109, so returning the closest version found: 107
Jan 22, 2023 12:44:15 PM org.openqa.selenium.devtools.CdpVersionFinder findNearestMatch
WARNING: Unable to find an exact match for CDP version 109, so returning the closest version found: 107
]]></system-err>
  </testcase>
  <testcase name="runScenario[&quot;2 - Failure Scenario - Verify user is able to navigate to sign in page.&quot;, &quot;As a user, I want to search current UTC time in google search engine.&quot;](2)" classname="com.google.testRunners.TestRunner" time="0.608">
    <failure message="expected [What is current time?] but found [What is today&apos;s date?]" type="java.lang.AssertionError"><![CDATA[java.lang.AssertionError: expected [What is current time?] but found [What is today's date?]
	at org.testng.Assert.fail(Assert.java:110)
	at org.testng.Assert.failNotEquals(Assert.java:1413)
	at org.testng.Assert.assertEqualsImpl(Assert.java:149)
	at org.testng.Assert.assertEquals(Assert.java:131)
	at org.testng.Assert.assertEquals(Assert.java:655)
	at org.testng.Assert.assertEquals(Assert.java:665)
	at com.google.steps.googlesearch.GoogleSearchSteps.verify_incorrect_search_text_failure_assertion(GoogleSearchSteps.java:52)
	at ✽.Verify User should see incorrect search text in the search box - Failure Assertion(file:///D:/Automation_Frameworks/Web_UI_Automation_BDD_POM_Framework/src/test/resources/features/googlesearch/GoogleSearch.feature:12)
]]></failure>
    <system-out><![CDATA[52786 [TestNG-PoolService-0] INFO util.Log  - -------------------------START INFO---------------------------
52786 [TestNG-PoolService-0] INFO util.Log  - -------------------------START INFO---------------------------
52786 [TestNG-PoolService-0] INFO util.Log  - ########WebDriver is null so creating new driver
52786 [TestNG-PoolService-0] INFO util.Log  - ########WebDriver is null so creating new driver
52786 [TestNG-PoolService-0] INFO util.Log  - -------------------------END INFO-----------------------------
52786 [TestNG-PoolService-0] INFO util.Log  - -------------------------END INFO-----------------------------
52786 [TestNG-PoolService-0] INFO devpinoyLogger  - Config file loaded !!!
52786 [TestNG-PoolService-0] INFO devpinoyLogger  - Config file loaded !!!
52786 [TestNG-PoolService-0] INFO devpinoyLogger  - Config file loaded !!!
]]></system-out>
    <system-err><![CDATA[Starting ChromeDriver 109.0.5414.74 (e7c5703604daa9cc128ccf5a5d3e993513758913-refs/branch-heads/5414@{#1172}) on port 28651
Only local connections are allowed.
Please see https://chromedriver.chromium.org/security-considerations for suggestions on keeping ChromeDriver safe.
ChromeDriver was started successfully.
]]></system-err>
  </testcase>
  <testcase name="runScenario[&quot;3 Verify user is able to search current UTC time in google search.&quot;, &quot;As a user, I want to search current UTC time in google search engine.&quot;](3)" classname="com.google.testRunners.TestRunner" time="22.328">
    <system-out><![CDATA[53378 [TestNG-PoolService-1] INFO util.Log  - -------------------------START INFO---------------------------
53378 [TestNG-PoolService-1] INFO util.Log  - -------------------------START INFO---------------------------
53378 [TestNG-PoolService-1] INFO util.Log  - -------------------------START INFO---------------------------
53393 [TestNG-PoolService-1] INFO util.Log  - ########WebDriver is null so creating new driver
53393 [TestNG-PoolService-1] INFO util.Log  - ########WebDriver is null so creating new driver
53393 [TestNG-PoolService-1] INFO util.Log  - ########WebDriver is null so creating new driver
53393 [TestNG-PoolService-1] INFO util.Log  - -------------------------END INFO-----------------------------
53393 [TestNG-PoolService-1] INFO util.Log  - -------------------------END INFO-----------------------------
53393 [TestNG-PoolService-1] INFO util.Log  - -------------------------END INFO-----------------------------
53393 [TestNG-PoolService-1] INFO devpinoyLogger  - Config file loaded !!!
53393 [TestNG-PoolService-1] INFO devpinoyLogger  - Config file loaded !!!
53393 [TestNG-PoolService-1] INFO devpinoyLogger  - Config file loaded !!!
53393 [TestNG-PoolService-1] INFO devpinoyLogger  - Config file loaded !!!
71585 [TestNG-PoolService-0] INFO util.Log  - -------------------------START INFO---------------------------
71585 [TestNG-PoolService-0] INFO util.Log  - -------------------------START INFO---------------------------
71585 [TestNG-PoolService-0] INFO util.Log  - -------------------------START INFO---------------------------
71585 [TestNG-PoolService-0] INFO util.Log  - -------------------------START INFO---------------------------
71585 [TestNG-PoolService-0] INFO util.Log  - #######URL opened: ChromeDriver: chrome on WINDOWS (cf446a6b31b1a361a08debbb4ddf4b91)
71585 [TestNG-PoolService-0] INFO util.Log  - #######URL opened: ChromeDriver: chrome on WINDOWS (cf446a6b31b1a361a08debbb4ddf4b91)
71585 [TestNG-PoolService-0] INFO util.Log  - #######URL opened: ChromeDriver: chrome on WINDOWS (cf446a6b31b1a361a08debbb4ddf4b91)
71585 [TestNG-PoolService-0] INFO util.Log  - #######URL opened: ChromeDriver: chrome on WINDOWS (cf446a6b31b1a361a08debbb4ddf4b91)
71585 [TestNG-PoolService-0] INFO util.Log  - -------------------------END INFO-----------------------------
71585 [TestNG-PoolService-0] INFO util.Log  - -------------------------END INFO-----------------------------
71585 [TestNG-PoolService-0] INFO util.Log  - -------------------------END INFO-----------------------------
71585 [TestNG-PoolService-0] INFO util.Log  - -------------------------END INFO-----------------------------
74242 [TestNG-PoolService-1] INFO util.Log  - -------------------------START INFO---------------------------
74242 [TestNG-PoolService-1] INFO util.Log  - -------------------------START INFO---------------------------
74242 [TestNG-PoolService-1] INFO util.Log  - -------------------------START INFO---------------------------
74242 [TestNG-PoolService-1] INFO util.Log  - -------------------------START INFO---------------------------
74242 [TestNG-PoolService-1] INFO util.Log  - #######URL opened: ChromeDriver: chrome on WINDOWS (ce5d0299e00dad4832cde8fe5496b870)
74242 [TestNG-PoolService-1] INFO util.Log  - #######URL opened: ChromeDriver: chrome on WINDOWS (ce5d0299e00dad4832cde8fe5496b870)
74242 [TestNG-PoolService-1] INFO util.Log  - #######URL opened: ChromeDriver: chrome on WINDOWS (ce5d0299e00dad4832cde8fe5496b870)
74242 [TestNG-PoolService-1] INFO util.Log  - #######URL opened: ChromeDriver: chrome on WINDOWS (ce5d0299e00dad4832cde8fe5496b870)
74242 [TestNG-PoolService-1] INFO util.Log  - -------------------------END INFO-----------------------------
74242 [TestNG-PoolService-1] INFO util.Log  - -------------------------END INFO-----------------------------
74242 [TestNG-PoolService-1] INFO util.Log  - -------------------------END INFO-----------------------------
74242 [TestNG-PoolService-1] INFO util.Log  - -------------------------END INFO-----------------------------
75405 [TestNG-PoolService-0] INFO util.Log  - -------------------------START INFO---------------------------
75405 [TestNG-PoolService-0] INFO util.Log  - -------------------------START INFO---------------------------
75405 [TestNG-PoolService-0] INFO util.Log  - -------------------------START INFO---------------------------
75405 [TestNG-PoolService-0] INFO util.Log  - -------------------------START INFO---------------------------
75405 [TestNG-PoolService-0] INFO util.Log  - ####After Test scenario
75405 [TestNG-PoolService-0] INFO util.Log  - ####After Test scenario
75405 [TestNG-PoolService-0] INFO util.Log  - ####After Test scenario
75405 [TestNG-PoolService-0] INFO util.Log  - ####After Test scenario
75405 [TestNG-PoolService-0] INFO util.Log  - -------------------------END INFO-----------------------------
75405 [TestNG-PoolService-0] INFO util.Log  - -------------------------END INFO-----------------------------
75405 [TestNG-PoolService-0] INFO util.Log  - -------------------------END INFO-----------------------------
75405 [TestNG-PoolService-0] INFO util.Log  - -------------------------END INFO-----------------------------
]]></system-out>
    <system-err><![CDATA[Starting ChromeDriver 109.0.5414.74 (e7c5703604daa9cc128ccf5a5d3e993513758913-refs/branch-heads/5414@{#1172}) on port 16584
Only local connections are allowed.
Please see https://chromedriver.chromium.org/security-considerations for suggestions on keeping ChromeDriver safe.
ChromeDriver was started successfully.
Jan 22, 2023 12:44:22 PM org.openqa.selenium.devtools.CdpVersionFinder findNearestMatch
WARNING: Unable to find an exact match for CDP version 109, so returning the closest version found: 107
Jan 22, 2023 12:44:23 PM org.openqa.selenium.devtools.CdpVersionFinder findNearestMatch
WARNING: Unable to find an exact match for CDP version 109, so returning the closest version found: 107
]]></system-err>
  </testcase>
  <testcase name="runScenario[&quot;4 Verify user is able to search current UTC time in google search.&quot;, &quot;As a user, I want to search current UTC time in google search engine.&quot;](4)" classname="com.google.testRunners.TestRunner" time="24.956">
    <system-out><![CDATA[78085 [TestNG-PoolService-1] INFO util.Log  - -------------------------START INFO---------------------------
78085 [TestNG-PoolService-1] INFO util.Log  - -------------------------START INFO---------------------------
78085 [TestNG-PoolService-1] INFO util.Log  - -------------------------START INFO---------------------------
78085 [TestNG-PoolService-1] INFO util.Log  - -------------------------START INFO---------------------------
78085 [TestNG-PoolService-1] INFO util.Log  - ####After Test scenario
78085 [TestNG-PoolService-1] INFO util.Log  - ####After Test scenario
78085 [TestNG-PoolService-1] INFO util.Log  - ####After Test scenario
78085 [TestNG-PoolService-1] INFO util.Log  - ####After Test scenario
78085 [TestNG-PoolService-1] INFO util.Log  - -------------------------END INFO-----------------------------
78085 [TestNG-PoolService-1] INFO util.Log  - -------------------------END INFO-----------------------------
78085 [TestNG-PoolService-1] INFO util.Log  - -------------------------END INFO-----------------------------
78085 [TestNG-PoolService-1] INFO util.Log  - -------------------------END INFO-----------------------------
]]></system-out>
  </testcase>
</testsuite>